\BOOKMARK [1][-]{section.1}{Introduzione}{}% 1
\BOOKMARK [1][-]{section.2}{Analisi e specifica dei requisiti}{}% 2
\BOOKMARK [2][-]{subsection.2.1}{Stakeholder principali}{section.2}% 3
\BOOKMARK [2][-]{subsection.2.2}{Specifica dei requisiti funzionali}{section.2}% 4
\BOOKMARK [2][-]{subsection.2.3}{Specifica dei requisiti NON funzionali}{section.2}% 5
\BOOKMARK [2][-]{subsection.2.4}{Casi d'uso}{section.2}% 6
\BOOKMARK [3][-]{subsubsection.2.4.1}{Registrazione al sistema}{subsection.2.4}% 7
\BOOKMARK [3][-]{subsubsection.2.4.2}{Effettuare il login}{subsection.2.4}% 8
\BOOKMARK [3][-]{subsubsection.2.4.3}{Creazione squadra}{subsection.2.4}% 9
\BOOKMARK [3][-]{subsubsection.2.4.4}{Partecipazione all'asta}{subsection.2.4}% 10
\BOOKMARK [3][-]{subsubsection.2.4.5}{Gioca partita}{subsection.2.4}% 11
\BOOKMARK [3][-]{subsubsection.2.4.6}{Visualizzare il calendario del torneo}{subsection.2.4}% 12
\BOOKMARK [3][-]{subsubsection.2.4.7}{Visualizzare la propria rosa}{subsection.2.4}% 13
\BOOKMARK [3][-]{subsubsection.2.4.8}{Visualizzare la rosa delle altre squadre}{subsection.2.4}% 14
\BOOKMARK [3][-]{subsubsection.2.4.9}{Visualizzare i voti e i risultati delle partite precedenti}{subsection.2.4}% 15
\BOOKMARK [3][-]{subsubsection.2.4.10}{Visualizza classifica}{subsection.2.4}% 16
\BOOKMARK [1][-]{section.3}{Diagrammi UML dell'architettura software}{}% 17
\BOOKMARK [2][-]{subsection.3.1}{Diagrammi dei casi d'uso}{section.3}% 18
\BOOKMARK [2][-]{subsection.3.2}{Diagramma UML delle GUI}{section.3}% 19
\BOOKMARK [2][-]{subsection.3.3}{Diagramma UML delle classi}{section.3}% 20
\BOOKMARK [1][-]{section.4}{Design pattern utilizzati}{}% 21
\BOOKMARK [2][-]{subsection.4.1}{Pattern creazionali}{section.4}% 22
\BOOKMARK [3][-]{subsubsection.4.1.1}{Singleton}{subsection.4.1}% 23
\BOOKMARK [3][-]{subsubsection.4.1.2}{Builder}{subsection.4.1}% 24
\BOOKMARK [3][-]{subsubsection.4.1.3}{Factory method}{subsection.4.1}% 25
\BOOKMARK [2][-]{subsection.4.2}{Pattern comportamentali}{section.4}% 26
\BOOKMARK [3][-]{subsubsection.4.2.1}{Observer}{subsection.4.2}% 27
\BOOKMARK [3][-]{subsubsection.4.2.2}{Strategy}{subsection.4.2}% 28
\BOOKMARK [2][-]{subsection.4.3}{Pattern strutturali}{section.4}% 29
\BOOKMARK [3][-]{subsubsection.4.3.1}{Facade}{subsection.4.3}% 30
\BOOKMARK [1][-]{section.5}{Conclusioni}{}% 31
\BOOKMARK [1][-]{section.6}{Referenze}{}% 32
